CRITICAL - 2020-08-21 02:50:34 --> Class 'Firebase\JWT\JWT' not found
#0 D:\project-root\vendor\codeigniter4\framework\system\CodeIgniter.php(918): App\Controllers\Auth->login()
#1 D:\project-root\vendor\codeigniter4\framework\system\CodeIgniter.php(404): CodeIgniter\CodeIgniter->runController(Object(App\Controllers\Auth))
#2 D:\project-root\vendor\codeigniter4\framework\system\CodeIgniter.php(312): CodeIgniter\CodeIgniter->handleRequest(NULL, Object(Config\Cache), false)
#3 D:\project-root\public\index.php(45): CodeIgniter\CodeIgniter->run()
#4 D:\project-root\vendor\codeigniter4\framework\system\Commands\Server\rewrite.php(34): require_once('D:\\project-root...')
#5 {main}
CRITICAL - 2020-08-21 02:50:41 --> Class 'Firebase\JWT\JWT' not found
#0 D:\project-root\vendor\codeigniter4\framework\system\CodeIgniter.php(918): App\Controllers\Auth->login()
#1 D:\project-root\vendor\codeigniter4\framework\system\CodeIgniter.php(404): CodeIgniter\CodeIgniter->runController(Object(App\Controllers\Auth))
#2 D:\project-root\vendor\codeigniter4\framework\system\CodeIgniter.php(312): CodeIgniter\CodeIgniter->handleRequest(NULL, Object(Config\Cache), false)
#3 D:\project-root\public\index.php(45): CodeIgniter\CodeIgniter->run()
#4 D:\project-root\vendor\codeigniter4\framework\system\Commands\Server\rewrite.php(34): require_once('D:\\project-root...')
#5 {main}
CRITICAL - 2020-08-21 02:52:14 --> Class 'Firebase\JWT\JWT' not found
#0 D:\project-root\vendor\codeigniter4\framework\system\CodeIgniter.php(918): App\Controllers\Auth->login()
#1 D:\project-root\vendor\codeigniter4\framework\system\CodeIgniter.php(404): CodeIgniter\CodeIgniter->runController(Object(App\Controllers\Auth))
#2 D:\project-root\vendor\codeigniter4\framework\system\CodeIgniter.php(312): CodeIgniter\CodeIgniter->handleRequest(NULL, Object(Config\Cache), false)
#3 D:\project-root\public\index.php(45): CodeIgniter\CodeIgniter->run()
#4 D:\project-root\vendor\codeigniter4\framework\system\Commands\Server\rewrite.php(34): require_once('D:\\project-root...')
#5 {main}
CRITICAL - 2020-08-21 02:52:25 --> Class 'Firebase\JWT\JWT' not found
#0 D:\project-root\vendor\codeigniter4\framework\system\CodeIgniter.php(918): App\Controllers\Auth->login()
#1 D:\project-root\vendor\codeigniter4\framework\system\CodeIgniter.php(404): CodeIgniter\CodeIgniter->runController(Object(App\Controllers\Auth))
#2 D:\project-root\vendor\codeigniter4\framework\system\CodeIgniter.php(312): CodeIgniter\CodeIgniter->handleRequest(NULL, Object(Config\Cache), false)
#3 D:\project-root\public\index.php(45): CodeIgniter\CodeIgniter->run()
#4 D:\project-root\vendor\codeigniter4\framework\system\Commands\Server\rewrite.php(34): require_once('D:\\project-root...')
#5 {main}
CRITICAL - 2020-08-21 02:57:34 --> Undefined offset: 1
#0 D:\project-root\app\Controllers\Home.php(36): CodeIgniter\Debug\Exceptions->errorHandler(8, 'Undefined offse...', 'D:\\project-root...', 36, Array)
#1 D:\project-root\vendor\codeigniter4\framework\system\CodeIgniter.php(918): App\Controllers\Home->index()
#2 D:\project-root\vendor\codeigniter4\framework\system\CodeIgniter.php(404): CodeIgniter\CodeIgniter->runController(Object(App\Controllers\Home))
#3 D:\project-root\vendor\codeigniter4\framework\system\CodeIgniter.php(312): CodeIgniter\CodeIgniter->handleRequest(NULL, Object(Config\Cache), false)
#4 D:\project-root\public\index.php(45): CodeIgniter\CodeIgniter->run()
#5 D:\project-root\vendor\codeigniter4\framework\system\Commands\Server\rewrite.php(34): require_once('D:\\project-root...')
#6 {main}
CRITICAL - 2020-08-21 02:57:38 --> Undefined offset: 1
#0 D:\project-root\app\Controllers\Home.php(36): CodeIgniter\Debug\Exceptions->errorHandler(8, 'Undefined offse...', 'D:\\project-root...', 36, Array)
#1 D:\project-root\vendor\codeigniter4\framework\system\CodeIgniter.php(918): App\Controllers\Home->index()
#2 D:\project-root\vendor\codeigniter4\framework\system\CodeIgniter.php(404): CodeIgniter\CodeIgniter->runController(Object(App\Controllers\Home))
#3 D:\project-root\vendor\codeigniter4\framework\system\CodeIgniter.php(312): CodeIgniter\CodeIgniter->handleRequest(NULL, Object(Config\Cache), false)
#4 D:\project-root\public\index.php(45): CodeIgniter\CodeIgniter->run()
#5 D:\project-root\vendor\codeigniter4\framework\system\Commands\Server\rewrite.php(34): require_once('D:\\project-root...')
#6 {main}
CRITICAL - 2020-08-21 02:57:39 --> Undefined offset: 1
#0 D:\project-root\app\Controllers\Home.php(36): CodeIgniter\Debug\Exceptions->errorHandler(8, 'Undefined offse...', 'D:\\project-root...', 36, Array)
#1 D:\project-root\vendor\codeigniter4\framework\system\CodeIgniter.php(918): App\Controllers\Home->index()
#2 D:\project-root\vendor\codeigniter4\framework\system\CodeIgniter.php(404): CodeIgniter\CodeIgniter->runController(Object(App\Controllers\Home))
#3 D:\project-root\vendor\codeigniter4\framework\system\CodeIgniter.php(312): CodeIgniter\CodeIgniter->handleRequest(NULL, Object(Config\Cache), false)
#4 D:\project-root\public\index.php(45): CodeIgniter\CodeIgniter->run()
#5 D:\project-root\vendor\codeigniter4\framework\system\Commands\Server\rewrite.php(34): require_once('D:\\project-root...')
#6 {main}
CRITICAL - 2020-08-21 02:57:40 --> Undefined offset: 1
#0 D:\project-root\app\Controllers\Home.php(36): CodeIgniter\Debug\Exceptions->errorHandler(8, 'Undefined offse...', 'D:\\project-root...', 36, Array)
#1 D:\project-root\vendor\codeigniter4\framework\system\CodeIgniter.php(918): App\Controllers\Home->index()
#2 D:\project-root\vendor\codeigniter4\framework\system\CodeIgniter.php(404): CodeIgniter\CodeIgniter->runController(Object(App\Controllers\Home))
#3 D:\project-root\vendor\codeigniter4\framework\system\CodeIgniter.php(312): CodeIgniter\CodeIgniter->handleRequest(NULL, Object(Config\Cache), false)
#4 D:\project-root\public\index.php(45): CodeIgniter\CodeIgniter->run()
#5 D:\project-root\vendor\codeigniter4\framework\system\Commands\Server\rewrite.php(34): require_once('D:\\project-root...')
#6 {main}
CRITICAL - 2020-08-21 02:57:40 --> Undefined offset: 1
#0 D:\project-root\app\Controllers\Home.php(36): CodeIgniter\Debug\Exceptions->errorHandler(8, 'Undefined offse...', 'D:\\project-root...', 36, Array)
#1 D:\project-root\vendor\codeigniter4\framework\system\CodeIgniter.php(918): App\Controllers\Home->index()
#2 D:\project-root\vendor\codeigniter4\framework\system\CodeIgniter.php(404): CodeIgniter\CodeIgniter->runController(Object(App\Controllers\Home))
#3 D:\project-root\vendor\codeigniter4\framework\system\CodeIgniter.php(312): CodeIgniter\CodeIgniter->handleRequest(NULL, Object(Config\Cache), false)
#4 D:\project-root\public\index.php(45): CodeIgniter\CodeIgniter->run()
#5 D:\project-root\vendor\codeigniter4\framework\system\Commands\Server\rewrite.php(34): require_once('D:\\project-root...')
#6 {main}
CRITICAL - 2020-08-21 02:58:22 --> Undefined offset: 1
#0 D:\project-root\app\Controllers\Home.php(36): CodeIgniter\Debug\Exceptions->errorHandler(8, 'Undefined offse...', 'D:\\project-root...', 36, Array)
#1 D:\project-root\vendor\codeigniter4\framework\system\CodeIgniter.php(918): App\Controllers\Home->index()
#2 D:\project-root\vendor\codeigniter4\framework\system\CodeIgniter.php(404): CodeIgniter\CodeIgniter->runController(Object(App\Controllers\Home))
#3 D:\project-root\vendor\codeigniter4\framework\system\CodeIgniter.php(312): CodeIgniter\CodeIgniter->handleRequest(NULL, Object(Config\Cache), false)
#4 D:\project-root\public\index.php(45): CodeIgniter\CodeIgniter->run()
#5 D:\project-root\vendor\codeigniter4\framework\system\Commands\Server\rewrite.php(34): require_once('D:\\project-root...')
#6 {main}
CRITICAL - 2020-08-21 02:58:23 --> Undefined offset: 1
#0 D:\project-root\app\Controllers\Home.php(36): CodeIgniter\Debug\Exceptions->errorHandler(8, 'Undefined offse...', 'D:\\project-root...', 36, Array)
#1 D:\project-root\vendor\codeigniter4\framework\system\CodeIgniter.php(918): App\Controllers\Home->index()
#2 D:\project-root\vendor\codeigniter4\framework\system\CodeIgniter.php(404): CodeIgniter\CodeIgniter->runController(Object(App\Controllers\Home))
#3 D:\project-root\vendor\codeigniter4\framework\system\CodeIgniter.php(312): CodeIgniter\CodeIgniter->handleRequest(NULL, Object(Config\Cache), false)
#4 D:\project-root\public\index.php(45): CodeIgniter\CodeIgniter->run()
#5 D:\project-root\vendor\codeigniter4\framework\system\Commands\Server\rewrite.php(34): require_once('D:\\project-root...')
#6 {main}
CRITICAL - 2020-08-21 02:58:23 --> Undefined offset: 1
#0 D:\project-root\app\Controllers\Home.php(36): CodeIgniter\Debug\Exceptions->errorHandler(8, 'Undefined offse...', 'D:\\project-root...', 36, Array)
#1 D:\project-root\vendor\codeigniter4\framework\system\CodeIgniter.php(918): App\Controllers\Home->index()
#2 D:\project-root\vendor\codeigniter4\framework\system\CodeIgniter.php(404): CodeIgniter\CodeIgniter->runController(Object(App\Controllers\Home))
#3 D:\project-root\vendor\codeigniter4\framework\system\CodeIgniter.php(312): CodeIgniter\CodeIgniter->handleRequest(NULL, Object(Config\Cache), false)
#4 D:\project-root\public\index.php(45): CodeIgniter\CodeIgniter->run()
#5 D:\project-root\vendor\codeigniter4\framework\system\Commands\Server\rewrite.php(34): require_once('D:\\project-root...')
#6 {main}
CRITICAL - 2020-08-21 02:58:24 --> Undefined offset: 1
#0 D:\project-root\app\Controllers\Home.php(36): CodeIgniter\Debug\Exceptions->errorHandler(8, 'Undefined offse...', 'D:\\project-root...', 36, Array)
#1 D:\project-root\vendor\codeigniter4\framework\system\CodeIgniter.php(918): App\Controllers\Home->index()
#2 D:\project-root\vendor\codeigniter4\framework\system\CodeIgniter.php(404): CodeIgniter\CodeIgniter->runController(Object(App\Controllers\Home))
#3 D:\project-root\vendor\codeigniter4\framework\system\CodeIgniter.php(312): CodeIgniter\CodeIgniter->handleRequest(NULL, Object(Config\Cache), false)
#4 D:\project-root\public\index.php(45): CodeIgniter\CodeIgniter->run()
#5 D:\project-root\vendor\codeigniter4\framework\system\Commands\Server\rewrite.php(34): require_once('D:\\project-root...')
#6 {main}
CRITICAL - 2020-08-21 02:58:24 --> Undefined offset: 1
#0 D:\project-root\app\Controllers\Home.php(36): CodeIgniter\Debug\Exceptions->errorHandler(8, 'Undefined offse...', 'D:\\project-root...', 36, Array)
#1 D:\project-root\vendor\codeigniter4\framework\system\CodeIgniter.php(918): App\Controllers\Home->index()
#2 D:\project-root\vendor\codeigniter4\framework\system\CodeIgniter.php(404): CodeIgniter\CodeIgniter->runController(Object(App\Controllers\Home))
#3 D:\project-root\vendor\codeigniter4\framework\system\CodeIgniter.php(312): CodeIgniter\CodeIgniter->handleRequest(NULL, Object(Config\Cache), false)
#4 D:\project-root\public\index.php(45): CodeIgniter\CodeIgniter->run()
#5 D:\project-root\vendor\codeigniter4\framework\system\Commands\Server\rewrite.php(34): require_once('D:\\project-root...')
#6 {main}
CRITICAL - 2020-08-21 02:58:25 --> Undefined offset: 1
#0 D:\project-root\app\Controllers\Home.php(36): CodeIgniter\Debug\Exceptions->errorHandler(8, 'Undefined offse...', 'D:\\project-root...', 36, Array)
#1 D:\project-root\vendor\codeigniter4\framework\system\CodeIgniter.php(918): App\Controllers\Home->index()
#2 D:\project-root\vendor\codeigniter4\framework\system\CodeIgniter.php(404): CodeIgniter\CodeIgniter->runController(Object(App\Controllers\Home))
#3 D:\project-root\vendor\codeigniter4\framework\system\CodeIgniter.php(312): CodeIgniter\CodeIgniter->handleRequest(NULL, Object(Config\Cache), false)
#4 D:\project-root\public\index.php(45): CodeIgniter\CodeIgniter->run()
#5 D:\project-root\vendor\codeigniter4\framework\system\Commands\Server\rewrite.php(34): require_once('D:\\project-root...')
#6 {main}
CRITICAL - 2020-08-21 02:58:25 --> Undefined offset: 1
#0 D:\project-root\app\Controllers\Home.php(36): CodeIgniter\Debug\Exceptions->errorHandler(8, 'Undefined offse...', 'D:\\project-root...', 36, Array)
#1 D:\project-root\vendor\codeigniter4\framework\system\CodeIgniter.php(918): App\Controllers\Home->index()
#2 D:\project-root\vendor\codeigniter4\framework\system\CodeIgniter.php(404): CodeIgniter\CodeIgniter->runController(Object(App\Controllers\Home))
#3 D:\project-root\vendor\codeigniter4\framework\system\CodeIgniter.php(312): CodeIgniter\CodeIgniter->handleRequest(NULL, Object(Config\Cache), false)
#4 D:\project-root\public\index.php(45): CodeIgniter\CodeIgniter->run()
#5 D:\project-root\vendor\codeigniter4\framework\system\Commands\Server\rewrite.php(34): require_once('D:\\project-root...')
#6 {main}
CRITICAL - 2020-08-21 02:58:25 --> Undefined offset: 1
#0 D:\project-root\app\Controllers\Home.php(36): CodeIgniter\Debug\Exceptions->errorHandler(8, 'Undefined offse...', 'D:\\project-root...', 36, Array)
#1 D:\project-root\vendor\codeigniter4\framework\system\CodeIgniter.php(918): App\Controllers\Home->index()
#2 D:\project-root\vendor\codeigniter4\framework\system\CodeIgniter.php(404): CodeIgniter\CodeIgniter->runController(Object(App\Controllers\Home))
#3 D:\project-root\vendor\codeigniter4\framework\system\CodeIgniter.php(312): CodeIgniter\CodeIgniter->handleRequest(NULL, Object(Config\Cache), false)
#4 D:\project-root\public\index.php(45): CodeIgniter\CodeIgniter->run()
#5 D:\project-root\vendor\codeigniter4\framework\system\Commands\Server\rewrite.php(34): require_once('D:\\project-root...')
#6 {main}
CRITICAL - 2020-08-21 02:58:26 --> Undefined offset: 1
#0 D:\project-root\app\Controllers\Home.php(36): CodeIgniter\Debug\Exceptions->errorHandler(8, 'Undefined offse...', 'D:\\project-root...', 36, Array)
#1 D:\project-root\vendor\codeigniter4\framework\system\CodeIgniter.php(918): App\Controllers\Home->index()
#2 D:\project-root\vendor\codeigniter4\framework\system\CodeIgniter.php(404): CodeIgniter\CodeIgniter->runController(Object(App\Controllers\Home))
#3 D:\project-root\vendor\codeigniter4\framework\system\CodeIgniter.php(312): CodeIgniter\CodeIgniter->handleRequest(NULL, Object(Config\Cache), false)
#4 D:\project-root\public\index.php(45): CodeIgniter\CodeIgniter->run()
#5 D:\project-root\vendor\codeigniter4\framework\system\Commands\Server\rewrite.php(34): require_once('D:\\project-root...')
#6 {main}
CRITICAL - 2020-08-21 02:58:26 --> Undefined offset: 1
#0 D:\project-root\app\Controllers\Home.php(36): CodeIgniter\Debug\Exceptions->errorHandler(8, 'Undefined offse...', 'D:\\project-root...', 36, Array)
#1 D:\project-root\vendor\codeigniter4\framework\system\CodeIgniter.php(918): App\Controllers\Home->index()
#2 D:\project-root\vendor\codeigniter4\framework\system\CodeIgniter.php(404): CodeIgniter\CodeIgniter->runController(Object(App\Controllers\Home))
#3 D:\project-root\vendor\codeigniter4\framework\system\CodeIgniter.php(312): CodeIgniter\CodeIgniter->handleRequest(NULL, Object(Config\Cache), false)
#4 D:\project-root\public\index.php(45): CodeIgniter\CodeIgniter->run()
#5 D:\project-root\vendor\codeigniter4\framework\system\Commands\Server\rewrite.php(34): require_once('D:\\project-root...')
#6 {main}
CRITICAL - 2020-08-21 02:58:26 --> Undefined offset: 1
#0 D:\project-root\app\Controllers\Home.php(36): CodeIgniter\Debug\Exceptions->errorHandler(8, 'Undefined offse...', 'D:\\project-root...', 36, Array)
#1 D:\project-root\vendor\codeigniter4\framework\system\CodeIgniter.php(918): App\Controllers\Home->index()
#2 D:\project-root\vendor\codeigniter4\framework\system\CodeIgniter.php(404): CodeIgniter\CodeIgniter->runController(Object(App\Controllers\Home))
#3 D:\project-root\vendor\codeigniter4\framework\system\CodeIgniter.php(312): CodeIgniter\CodeIgniter->handleRequest(NULL, Object(Config\Cache), false)
#4 D:\project-root\public\index.php(45): CodeIgniter\CodeIgniter->run()
#5 D:\project-root\vendor\codeigniter4\framework\system\Commands\Server\rewrite.php(34): require_once('D:\\project-root...')
#6 {main}
CRITICAL - 2020-08-21 02:58:27 --> Undefined offset: 1
#0 D:\project-root\app\Controllers\Home.php(36): CodeIgniter\Debug\Exceptions->errorHandler(8, 'Undefined offse...', 'D:\\project-root...', 36, Array)
#1 D:\project-root\vendor\codeigniter4\framework\system\CodeIgniter.php(918): App\Controllers\Home->index()
#2 D:\project-root\vendor\codeigniter4\framework\system\CodeIgniter.php(404): CodeIgniter\CodeIgniter->runController(Object(App\Controllers\Home))
#3 D:\project-root\vendor\codeigniter4\framework\system\CodeIgniter.php(312): CodeIgniter\CodeIgniter->handleRequest(NULL, Object(Config\Cache), false)
#4 D:\project-root\public\index.php(45): CodeIgniter\CodeIgniter->run()
#5 D:\project-root\vendor\codeigniter4\framework\system\Commands\Server\rewrite.php(34): require_once('D:\\project-root...')
#6 {main}
CRITICAL - 2020-08-21 02:58:27 --> Undefined offset: 1
#0 D:\project-root\app\Controllers\Home.php(36): CodeIgniter\Debug\Exceptions->errorHandler(8, 'Undefined offse...', 'D:\\project-root...', 36, Array)
#1 D:\project-root\vendor\codeigniter4\framework\system\CodeIgniter.php(918): App\Controllers\Home->index()
#2 D:\project-root\vendor\codeigniter4\framework\system\CodeIgniter.php(404): CodeIgniter\CodeIgniter->runController(Object(App\Controllers\Home))
#3 D:\project-root\vendor\codeigniter4\framework\system\CodeIgniter.php(312): CodeIgniter\CodeIgniter->handleRequest(NULL, Object(Config\Cache), false)
#4 D:\project-root\public\index.php(45): CodeIgniter\CodeIgniter->run()
#5 D:\project-root\vendor\codeigniter4\framework\system\Commands\Server\rewrite.php(34): require_once('D:\\project-root...')
#6 {main}
CRITICAL - 2020-08-21 02:58:27 --> Undefined offset: 1
#0 D:\project-root\app\Controllers\Home.php(36): CodeIgniter\Debug\Exceptions->errorHandler(8, 'Undefined offse...', 'D:\\project-root...', 36, Array)
#1 D:\project-root\vendor\codeigniter4\framework\system\CodeIgniter.php(918): App\Controllers\Home->index()
#2 D:\project-root\vendor\codeigniter4\framework\system\CodeIgniter.php(404): CodeIgniter\CodeIgniter->runController(Object(App\Controllers\Home))
#3 D:\project-root\vendor\codeigniter4\framework\system\CodeIgniter.php(312): CodeIgniter\CodeIgniter->handleRequest(NULL, Object(Config\Cache), false)
#4 D:\project-root\public\index.php(45): CodeIgniter\CodeIgniter->run()
#5 D:\project-root\vendor\codeigniter4\framework\system\Commands\Server\rewrite.php(34): require_once('D:\\project-root...')
#6 {main}
CRITICAL - 2020-08-21 02:58:28 --> Undefined offset: 1
#0 D:\project-root\app\Controllers\Home.php(36): CodeIgniter\Debug\Exceptions->errorHandler(8, 'Undefined offse...', 'D:\\project-root...', 36, Array)
#1 D:\project-root\vendor\codeigniter4\framework\system\CodeIgniter.php(918): App\Controllers\Home->index()
#2 D:\project-root\vendor\codeigniter4\framework\system\CodeIgniter.php(404): CodeIgniter\CodeIgniter->runController(Object(App\Controllers\Home))
#3 D:\project-root\vendor\codeigniter4\framework\system\CodeIgniter.php(312): CodeIgniter\CodeIgniter->handleRequest(NULL, Object(Config\Cache), false)
#4 D:\project-root\public\index.php(45): CodeIgniter\CodeIgniter->run()
#5 D:\project-root\vendor\codeigniter4\framework\system\Commands\Server\rewrite.php(34): require_once('D:\\project-root...')
#6 {main}
CRITICAL - 2020-08-21 02:58:28 --> Undefined offset: 1
#0 D:\project-root\app\Controllers\Home.php(36): CodeIgniter\Debug\Exceptions->errorHandler(8, 'Undefined offse...', 'D:\\project-root...', 36, Array)
#1 D:\project-root\vendor\codeigniter4\framework\system\CodeIgniter.php(918): App\Controllers\Home->index()
#2 D:\project-root\vendor\codeigniter4\framework\system\CodeIgniter.php(404): CodeIgniter\CodeIgniter->runController(Object(App\Controllers\Home))
#3 D:\project-root\vendor\codeigniter4\framework\system\CodeIgniter.php(312): CodeIgniter\CodeIgniter->handleRequest(NULL, Object(Config\Cache), false)
#4 D:\project-root\public\index.php(45): CodeIgniter\CodeIgniter->run()
#5 D:\project-root\vendor\codeigniter4\framework\system\Commands\Server\rewrite.php(34): require_once('D:\\project-root...')
#6 {main}
CRITICAL - 2020-08-21 02:58:28 --> Undefined offset: 1
#0 D:\project-root\app\Controllers\Home.php(36): CodeIgniter\Debug\Exceptions->errorHandler(8, 'Undefined offse...', 'D:\\project-root...', 36, Array)
#1 D:\project-root\vendor\codeigniter4\framework\system\CodeIgniter.php(918): App\Controllers\Home->index()
#2 D:\project-root\vendor\codeigniter4\framework\system\CodeIgniter.php(404): CodeIgniter\CodeIgniter->runController(Object(App\Controllers\Home))
#3 D:\project-root\vendor\codeigniter4\framework\system\CodeIgniter.php(312): CodeIgniter\CodeIgniter->handleRequest(NULL, Object(Config\Cache), false)
#4 D:\project-root\public\index.php(45): CodeIgniter\CodeIgniter->run()
#5 D:\project-root\vendor\codeigniter4\framework\system\Commands\Server\rewrite.php(34): require_once('D:\\project-root...')
#6 {main}
CRITICAL - 2020-08-21 02:58:42 --> Undefined offset: 1
#0 D:\project-root\app\Controllers\Home.php(36): CodeIgniter\Debug\Exceptions->errorHandler(8, 'Undefined offse...', 'D:\\project-root...', 36, Array)
#1 D:\project-root\vendor\codeigniter4\framework\system\CodeIgniter.php(918): App\Controllers\Home->index()
#2 D:\project-root\vendor\codeigniter4\framework\system\CodeIgniter.php(404): CodeIgniter\CodeIgniter->runController(Object(App\Controllers\Home))
#3 D:\project-root\vendor\codeigniter4\framework\system\CodeIgniter.php(312): CodeIgniter\CodeIgniter->handleRequest(NULL, Object(Config\Cache), false)
#4 D:\project-root\public\index.php(45): CodeIgniter\CodeIgniter->run()
#5 D:\project-root\vendor\codeigniter4\framework\system\Commands\Server\rewrite.php(34): require_once('D:\\project-root...')
#6 {main}
CRITICAL - 2020-08-21 02:58:43 --> Undefined offset: 1
#0 D:\project-root\app\Controllers\Home.php(36): CodeIgniter\Debug\Exceptions->errorHandler(8, 'Undefined offse...', 'D:\\project-root...', 36, Array)
#1 D:\project-root\vendor\codeigniter4\framework\system\CodeIgniter.php(918): App\Controllers\Home->index()
#2 D:\project-root\vendor\codeigniter4\framework\system\CodeIgniter.php(404): CodeIgniter\CodeIgniter->runController(Object(App\Controllers\Home))
#3 D:\project-root\vendor\codeigniter4\framework\system\CodeIgniter.php(312): CodeIgniter\CodeIgniter->handleRequest(NULL, Object(Config\Cache), false)
#4 D:\project-root\public\index.php(45): CodeIgniter\CodeIgniter->run()
#5 D:\project-root\vendor\codeigniter4\framework\system\Commands\Server\rewrite.php(34): require_once('D:\\project-root...')
#6 {main}
CRITICAL - 2020-08-21 02:58:43 --> Undefined offset: 1
#0 D:\project-root\app\Controllers\Home.php(36): CodeIgniter\Debug\Exceptions->errorHandler(8, 'Undefined offse...', 'D:\\project-root...', 36, Array)
#1 D:\project-root\vendor\codeigniter4\framework\system\CodeIgniter.php(918): App\Controllers\Home->index()
#2 D:\project-root\vendor\codeigniter4\framework\system\CodeIgniter.php(404): CodeIgniter\CodeIgniter->runController(Object(App\Controllers\Home))
#3 D:\project-root\vendor\codeigniter4\framework\system\CodeIgniter.php(312): CodeIgniter\CodeIgniter->handleRequest(NULL, Object(Config\Cache), false)
#4 D:\project-root\public\index.php(45): CodeIgniter\CodeIgniter->run()
#5 D:\project-root\vendor\codeigniter4\framework\system\Commands\Server\rewrite.php(34): require_once('D:\\project-root...')
#6 {main}
CRITICAL - 2020-08-21 02:59:35 --> Undefined offset: 1
#0 D:\project-root\app\Controllers\Home.php(36): CodeIgniter\Debug\Exceptions->errorHandler(8, 'Undefined offse...', 'D:\\project-root...', 36, Array)
#1 D:\project-root\vendor\codeigniter4\framework\system\CodeIgniter.php(918): App\Controllers\Home->index()
#2 D:\project-root\vendor\codeigniter4\framework\system\CodeIgniter.php(404): CodeIgniter\CodeIgniter->runController(Object(App\Controllers\Home))
#3 D:\project-root\vendor\codeigniter4\framework\system\CodeIgniter.php(312): CodeIgniter\CodeIgniter->handleRequest(NULL, Object(Config\Cache), false)
#4 D:\project-root\public\index.php(45): CodeIgniter\CodeIgniter->run()
#5 D:\project-root\vendor\codeigniter4\framework\system\Commands\Server\rewrite.php(34): require_once('D:\\project-root...')
#6 {main}
CRITICAL - 2020-08-21 03:05:06 --> Undefined offset: 1
#0 D:\project-root\app\Controllers\Home.php(37): CodeIgniter\Debug\Exceptions->errorHandler(8, 'Undefined offse...', 'D:\\project-root...', 37, Array)
#1 D:\project-root\vendor\codeigniter4\framework\system\CodeIgniter.php(918): App\Controllers\Home->index()
#2 D:\project-root\vendor\codeigniter4\framework\system\CodeIgniter.php(404): CodeIgniter\CodeIgniter->runController(Object(App\Controllers\Home))
#3 D:\project-root\vendor\codeigniter4\framework\system\CodeIgniter.php(312): CodeIgniter\CodeIgniter->handleRequest(NULL, Object(Config\Cache), false)
#4 D:\project-root\public\index.php(45): CodeIgniter\CodeIgniter->run()
#5 D:\project-root\vendor\codeigniter4\framework\system\Commands\Server\rewrite.php(34): require_once('D:\\project-root...')
#6 {main}
CRITICAL - 2020-08-21 03:05:22 --> Undefined offset: 1
#0 D:\project-root\app\Controllers\Home.php(37): CodeIgniter\Debug\Exceptions->errorHandler(8, 'Undefined offse...', 'D:\\project-root...', 37, Array)
#1 D:\project-root\vendor\codeigniter4\framework\system\CodeIgniter.php(918): App\Controllers\Home->index()
#2 D:\project-root\vendor\codeigniter4\framework\system\CodeIgniter.php(404): CodeIgniter\CodeIgniter->runController(Object(App\Controllers\Home))
#3 D:\project-root\vendor\codeigniter4\framework\system\CodeIgniter.php(312): CodeIgniter\CodeIgniter->handleRequest(NULL, Object(Config\Cache), false)
#4 D:\project-root\public\index.php(45): CodeIgniter\CodeIgniter->run()
#5 D:\project-root\vendor\codeigniter4\framework\system\Commands\Server\rewrite.php(34): require_once('D:\\project-root...')
#6 {main}
CRITICAL - 2020-08-21 03:05:22 --> Undefined offset: 1
#0 D:\project-root\app\Controllers\Home.php(37): CodeIgniter\Debug\Exceptions->errorHandler(8, 'Undefined offse...', 'D:\\project-root...', 37, Array)
#1 D:\project-root\vendor\codeigniter4\framework\system\CodeIgniter.php(918): App\Controllers\Home->index()
#2 D:\project-root\vendor\codeigniter4\framework\system\CodeIgniter.php(404): CodeIgniter\CodeIgniter->runController(Object(App\Controllers\Home))
#3 D:\project-root\vendor\codeigniter4\framework\system\CodeIgniter.php(312): CodeIgniter\CodeIgniter->handleRequest(NULL, Object(Config\Cache), false)
#4 D:\project-root\public\index.php(45): CodeIgniter\CodeIgniter->run()
#5 D:\project-root\vendor\codeigniter4\framework\system\Commands\Server\rewrite.php(34): require_once('D:\\project-root...')
#6 {main}
CRITICAL - 2020-08-21 03:05:23 --> Undefined offset: 1
#0 D:\project-root\app\Controllers\Home.php(37): CodeIgniter\Debug\Exceptions->errorHandler(8, 'Undefined offse...', 'D:\\project-root...', 37, Array)
#1 D:\project-root\vendor\codeigniter4\framework\system\CodeIgniter.php(918): App\Controllers\Home->index()
#2 D:\project-root\vendor\codeigniter4\framework\system\CodeIgniter.php(404): CodeIgniter\CodeIgniter->runController(Object(App\Controllers\Home))
#3 D:\project-root\vendor\codeigniter4\framework\system\CodeIgniter.php(312): CodeIgniter\CodeIgniter->handleRequest(NULL, Object(Config\Cache), false)
#4 D:\project-root\public\index.php(45): CodeIgniter\CodeIgniter->run()
#5 D:\project-root\vendor\codeigniter4\framework\system\Commands\Server\rewrite.php(34): require_once('D:\\project-root...')
#6 {main}
CRITICAL - 2020-08-21 03:05:23 --> Undefined offset: 1
#0 D:\project-root\app\Controllers\Home.php(37): CodeIgniter\Debug\Exceptions->errorHandler(8, 'Undefined offse...', 'D:\\project-root...', 37, Array)
#1 D:\project-root\vendor\codeigniter4\framework\system\CodeIgniter.php(918): App\Controllers\Home->index()
#2 D:\project-root\vendor\codeigniter4\framework\system\CodeIgniter.php(404): CodeIgniter\CodeIgniter->runController(Object(App\Controllers\Home))
#3 D:\project-root\vendor\codeigniter4\framework\system\CodeIgniter.php(312): CodeIgniter\CodeIgniter->handleRequest(NULL, Object(Config\Cache), false)
#4 D:\project-root\public\index.php(45): CodeIgniter\CodeIgniter->run()
#5 D:\project-root\vendor\codeigniter4\framework\system\Commands\Server\rewrite.php(34): require_once('D:\\project-root...')
#6 {main}
CRITICAL - 2020-08-21 03:05:30 --> Undefined offset: 1
#0 D:\project-root\app\Controllers\Home.php(37): CodeIgniter\Debug\Exceptions->errorHandler(8, 'Undefined offse...', 'D:\\project-root...', 37, Array)
#1 D:\project-root\vendor\codeigniter4\framework\system\CodeIgniter.php(918): App\Controllers\Home->index()
#2 D:\project-root\vendor\codeigniter4\framework\system\CodeIgniter.php(404): CodeIgniter\CodeIgniter->runController(Object(App\Controllers\Home))
#3 D:\project-root\vendor\codeigniter4\framework\system\CodeIgniter.php(312): CodeIgniter\CodeIgniter->handleRequest(NULL, Object(Config\Cache), false)
#4 D:\project-root\public\index.php(45): CodeIgniter\CodeIgniter->run()
#5 D:\project-root\vendor\codeigniter4\framework\system\Commands\Server\rewrite.php(34): require_once('D:\\project-root...')
#6 {main}
CRITICAL - 2020-08-21 03:08:26 --> syntax error, unexpected ';', expecting ')'
#0 D:\project-root\vendor\codeigniter4\framework\system\Autoloader\Autoloader.php(296): CodeIgniter\Autoloader\Autoloader->requireFile('D:\\project-root...')
#1 D:\project-root\vendor\codeigniter4\framework\system\Autoloader\Autoloader.php(258): CodeIgniter\Autoloader\Autoloader->loadInNamespace('App\\Controllers...')
#2 [internal function]: CodeIgniter\Autoloader\Autoloader->loadClass('App\\Controllers...')
#3 [internal function]: spl_autoload_call('App\\Controllers...')
#4 D:\project-root\vendor\codeigniter4\framework\system\CodeIgniter.php(869): class_exists('\\App\\Controller...', true)
#5 D:\project-root\vendor\codeigniter4\framework\system\CodeIgniter.php(394): CodeIgniter\CodeIgniter->startController()
#6 D:\project-root\vendor\codeigniter4\framework\system\CodeIgniter.php(312): CodeIgniter\CodeIgniter->handleRequest(NULL, Object(Config\Cache), false)
#7 D:\project-root\public\index.php(45): CodeIgniter\CodeIgniter->run()
#8 D:\project-root\vendor\codeigniter4\framework\system\Commands\Server\rewrite.php(34): require_once('D:\\project-root...')
#9 {main}
CRITICAL - 2020-08-21 05:00:13 --> syntax error, unexpected 'if' (T_IF)
#0 D:\project-root\vendor\codeigniter4\framework\system\Router\Router.php(195): CodeIgniter\Router\Router->autoRoute('auth/login')
#1 D:\project-root\vendor\codeigniter4\framework\system\CodeIgniter.php(793): CodeIgniter\Router\Router->handle('auth/login')
#2 D:\project-root\vendor\codeigniter4\framework\system\CodeIgniter.php(364): CodeIgniter\CodeIgniter->tryToRouteIt(Object(CodeIgniter\Router\RouteCollection))
#3 D:\project-root\vendor\codeigniter4\framework\system\CodeIgniter.php(312): CodeIgniter\CodeIgniter->handleRequest(NULL, Object(Config\Cache), false)
#4 D:\project-root\public\index.php(45): CodeIgniter\CodeIgniter->run()
#5 D:\project-root\vendor\codeigniter4\framework\system\Commands\Server\rewrite.php(34): require_once('D:\\project-root...')
#6 {main}
