CRITICAL - 2020-09-08 11:10:33 --> Class 'App\Controllers\Jadwal_model' not found
#0 D:\project-root\vendor\codeigniter4\framework\system\CodeIgniter.php(890): App\Controllers\Presensi->__construct()
#1 D:\project-root\vendor\codeigniter4\framework\system\CodeIgniter.php(399): CodeIgniter\CodeIgniter->createController()
#2 D:\project-root\vendor\codeigniter4\framework\system\CodeIgniter.php(312): CodeIgniter\CodeIgniter->handleRequest(NULL, Object(Config\Cache), false)
#3 D:\project-root\public\index.php(45): CodeIgniter\CodeIgniter->run()
#4 D:\project-root\vendor\codeigniter4\framework\system\Commands\Server\rewrite.php(34): require_once('D:\\project-root...')
#5 {main}
CRITICAL - 2020-09-08 11:19:46 --> syntax error, unexpected ')'
#0 D:\project-root\vendor\codeigniter4\framework\system\Router\Router.php(195): CodeIgniter\Router\Router->autoRoute('presensi/test')
#1 D:\project-root\vendor\codeigniter4\framework\system\CodeIgniter.php(793): CodeIgniter\Router\Router->handle('presensi/test')
#2 D:\project-root\vendor\codeigniter4\framework\system\CodeIgniter.php(364): CodeIgniter\CodeIgniter->tryToRouteIt(Object(CodeIgniter\Router\RouteCollection))
#3 D:\project-root\vendor\codeigniter4\framework\system\CodeIgniter.php(312): CodeIgniter\CodeIgniter->handleRequest(NULL, Object(Config\Cache), false)
#4 D:\project-root\public\index.php(45): CodeIgniter\CodeIgniter->run()
#5 D:\project-root\vendor\codeigniter4\framework\system\Commands\Server\rewrite.php(34): require_once('D:\\project-root...')
#6 {main}
CRITICAL - 2020-09-08 11:19:59 --> syntax error, unexpected ')'
#0 D:\project-root\vendor\codeigniter4\framework\system\Router\Router.php(195): CodeIgniter\Router\Router->autoRoute('presensi/test')
#1 D:\project-root\vendor\codeigniter4\framework\system\CodeIgniter.php(793): CodeIgniter\Router\Router->handle('presensi/test')
#2 D:\project-root\vendor\codeigniter4\framework\system\CodeIgniter.php(364): CodeIgniter\CodeIgniter->tryToRouteIt(Object(CodeIgniter\Router\RouteCollection))
#3 D:\project-root\vendor\codeigniter4\framework\system\CodeIgniter.php(312): CodeIgniter\CodeIgniter->handleRequest(NULL, Object(Config\Cache), false)
#4 D:\project-root\public\index.php(45): CodeIgniter\CodeIgniter->run()
#5 D:\project-root\vendor\codeigniter4\framework\system\Commands\Server\rewrite.php(34): require_once('D:\\project-root...')
#6 {main}
CRITICAL - 2020-09-08 11:20:15 --> syntax error, unexpected ')'
#0 D:\project-root\vendor\codeigniter4\framework\system\Router\Router.php(195): CodeIgniter\Router\Router->autoRoute('presensi/test')
#1 D:\project-root\vendor\codeigniter4\framework\system\CodeIgniter.php(793): CodeIgniter\Router\Router->handle('presensi/test')
#2 D:\project-root\vendor\codeigniter4\framework\system\CodeIgniter.php(364): CodeIgniter\CodeIgniter->tryToRouteIt(Object(CodeIgniter\Router\RouteCollection))
#3 D:\project-root\vendor\codeigniter4\framework\system\CodeIgniter.php(312): CodeIgniter\CodeIgniter->handleRequest(NULL, Object(Config\Cache), false)
#4 D:\project-root\public\index.php(45): CodeIgniter\CodeIgniter->run()
#5 D:\project-root\vendor\codeigniter4\framework\system\Commands\Server\rewrite.php(34): require_once('D:\\project-root...')
#6 {main}
CRITICAL - 2020-09-08 11:33:39 --> Trying to get property 'kode_jadwal' of non-object
#0 D:\project-root\app\Controllers\Presensi.php(40): CodeIgniter\Debug\Exceptions->errorHandler(8, 'Trying to get p...', 'D:\\project-root...', 40, Array)
#1 D:\project-root\vendor\codeigniter4\framework\system\CodeIgniter.php(918): App\Controllers\Presensi->create()
#2 D:\project-root\vendor\codeigniter4\framework\system\CodeIgniter.php(404): CodeIgniter\CodeIgniter->runController(Object(App\Controllers\Presensi))
#3 D:\project-root\vendor\codeigniter4\framework\system\CodeIgniter.php(312): CodeIgniter\CodeIgniter->handleRequest(NULL, Object(Config\Cache), false)
#4 D:\project-root\public\index.php(45): CodeIgniter\CodeIgniter->run()
#5 D:\project-root\vendor\codeigniter4\framework\system\Commands\Server\rewrite.php(34): require_once('D:\\project-root...')
#6 {main}
CRITICAL - 2020-09-08 11:35:19 --> Trying to get property 'kode_jadwal' of non-object
#0 D:\project-root\app\Controllers\Presensi.php(133): CodeIgniter\Debug\Exceptions->errorHandler(8, 'Trying to get p...', 'D:\\project-root...', 133, Array)
#1 D:\project-root\vendor\codeigniter4\framework\system\CodeIgniter.php(918): App\Controllers\Presensi->test()
#2 D:\project-root\vendor\codeigniter4\framework\system\CodeIgniter.php(404): CodeIgniter\CodeIgniter->runController(Object(App\Controllers\Presensi))
#3 D:\project-root\vendor\codeigniter4\framework\system\CodeIgniter.php(312): CodeIgniter\CodeIgniter->handleRequest(NULL, Object(Config\Cache), false)
#4 D:\project-root\public\index.php(45): CodeIgniter\CodeIgniter->run()
#5 D:\project-root\vendor\codeigniter4\framework\system\Commands\Server\rewrite.php(34): require_once('D:\\project-root...')
#6 {main}
CRITICAL - 2020-09-08 11:35:20 --> Trying to get property 'kode_jadwal' of non-object
#0 D:\project-root\app\Controllers\Presensi.php(133): CodeIgniter\Debug\Exceptions->errorHandler(8, 'Trying to get p...', 'D:\\project-root...', 133, Array)
#1 D:\project-root\vendor\codeigniter4\framework\system\CodeIgniter.php(918): App\Controllers\Presensi->test()
#2 D:\project-root\vendor\codeigniter4\framework\system\CodeIgniter.php(404): CodeIgniter\CodeIgniter->runController(Object(App\Controllers\Presensi))
#3 D:\project-root\vendor\codeigniter4\framework\system\CodeIgniter.php(312): CodeIgniter\CodeIgniter->handleRequest(NULL, Object(Config\Cache), false)
#4 D:\project-root\public\index.php(45): CodeIgniter\CodeIgniter->run()
#5 D:\project-root\vendor\codeigniter4\framework\system\Commands\Server\rewrite.php(34): require_once('D:\\project-root...')
#6 {main}
CRITICAL - 2020-09-08 11:38:47 --> Trying to get property 'kode_jadwal' of non-object
#0 D:\project-root\app\Controllers\Presensi.php(40): CodeIgniter\Debug\Exceptions->errorHandler(8, 'Trying to get p...', 'D:\\project-root...', 40, Array)
#1 D:\project-root\vendor\codeigniter4\framework\system\CodeIgniter.php(918): App\Controllers\Presensi->create()
#2 D:\project-root\vendor\codeigniter4\framework\system\CodeIgniter.php(404): CodeIgniter\CodeIgniter->runController(Object(App\Controllers\Presensi))
#3 D:\project-root\vendor\codeigniter4\framework\system\CodeIgniter.php(312): CodeIgniter\CodeIgniter->handleRequest(NULL, Object(Config\Cache), false)
#4 D:\project-root\public\index.php(45): CodeIgniter\CodeIgniter->run()
#5 D:\project-root\vendor\codeigniter4\framework\system\Commands\Server\rewrite.php(34): require_once('D:\\project-root...')
#6 {main}
CRITICAL - 2020-09-08 11:40:15 --> Undefined index: kelas_jadwal
#0 D:\project-root\app\Controllers\Presensi.php(40): CodeIgniter\Debug\Exceptions->errorHandler(8, 'Undefined index...', 'D:\\project-root...', 40, Array)
#1 D:\project-root\vendor\codeigniter4\framework\system\CodeIgniter.php(918): App\Controllers\Presensi->create()
#2 D:\project-root\vendor\codeigniter4\framework\system\CodeIgniter.php(404): CodeIgniter\CodeIgniter->runController(Object(App\Controllers\Presensi))
#3 D:\project-root\vendor\codeigniter4\framework\system\CodeIgniter.php(312): CodeIgniter\CodeIgniter->handleRequest(NULL, Object(Config\Cache), false)
#4 D:\project-root\public\index.php(45): CodeIgniter\CodeIgniter->run()
#5 D:\project-root\vendor\codeigniter4\framework\system\Commands\Server\rewrite.php(34): require_once('D:\\project-root...')
#6 {main}
CRITICAL - 2020-09-08 12:05:47 --> Undefined variable: kelas
#0 D:\project-root\app\Controllers\Presensi.php(159): CodeIgniter\Debug\Exceptions->errorHandler(8, 'Undefined varia...', 'D:\\project-root...', 159, Array)
#1 D:\project-root\vendor\codeigniter4\framework\system\CodeIgniter.php(918): App\Controllers\Presensi->test()
#2 D:\project-root\vendor\codeigniter4\framework\system\CodeIgniter.php(404): CodeIgniter\CodeIgniter->runController(Object(App\Controllers\Presensi))
#3 D:\project-root\vendor\codeigniter4\framework\system\CodeIgniter.php(312): CodeIgniter\CodeIgniter->handleRequest(NULL, Object(Config\Cache), false)
#4 D:\project-root\public\index.php(45): CodeIgniter\CodeIgniter->run()
#5 D:\project-root\vendor\codeigniter4\framework\system\Commands\Server\rewrite.php(34): require_once('D:\\project-root...')
#6 {main}
CRITICAL - 2020-09-08 12:38:49 --> Trying to get property 'kelas' of non-object
#0 D:\project-root\app\Controllers\Presensi.php(36): CodeIgniter\Debug\Exceptions->errorHandler(8, 'Trying to get p...', 'D:\\project-root...', 36, Array)
#1 D:\project-root\vendor\codeigniter4\framework\system\CodeIgniter.php(918): App\Controllers\Presensi->create()
#2 D:\project-root\vendor\codeigniter4\framework\system\CodeIgniter.php(404): CodeIgniter\CodeIgniter->runController(Object(App\Controllers\Presensi))
#3 D:\project-root\vendor\codeigniter4\framework\system\CodeIgniter.php(312): CodeIgniter\CodeIgniter->handleRequest(NULL, Object(Config\Cache), false)
#4 D:\project-root\public\index.php(45): CodeIgniter\CodeIgniter->run()
#5 D:\project-root\vendor\codeigniter4\framework\system\Commands\Server\rewrite.php(34): require_once('D:\\project-root...')
#6 {main}
CRITICAL - 2020-09-08 12:39:15 --> Trying to get property 'kelas' of non-object
#0 D:\project-root\app\Controllers\Presensi.php(36): CodeIgniter\Debug\Exceptions->errorHandler(8, 'Trying to get p...', 'D:\\project-root...', 36, Array)
#1 D:\project-root\vendor\codeigniter4\framework\system\CodeIgniter.php(918): App\Controllers\Presensi->create()
#2 D:\project-root\vendor\codeigniter4\framework\system\CodeIgniter.php(404): CodeIgniter\CodeIgniter->runController(Object(App\Controllers\Presensi))
#3 D:\project-root\vendor\codeigniter4\framework\system\CodeIgniter.php(312): CodeIgniter\CodeIgniter->handleRequest(NULL, Object(Config\Cache), false)
#4 D:\project-root\public\index.php(45): CodeIgniter\CodeIgniter->run()
#5 D:\project-root\vendor\codeigniter4\framework\system\Commands\Server\rewrite.php(34): require_once('D:\\project-root...')
#6 {main}
CRITICAL - 2020-09-08 12:39:49 --> Undefined variable: kelas
#0 D:\project-root\app\Controllers\Presensi.php(38): CodeIgniter\Debug\Exceptions->errorHandler(8, 'Undefined varia...', 'D:\\project-root...', 38, Array)
#1 D:\project-root\vendor\codeigniter4\framework\system\CodeIgniter.php(918): App\Controllers\Presensi->create()
#2 D:\project-root\vendor\codeigniter4\framework\system\CodeIgniter.php(404): CodeIgniter\CodeIgniter->runController(Object(App\Controllers\Presensi))
#3 D:\project-root\vendor\codeigniter4\framework\system\CodeIgniter.php(312): CodeIgniter\CodeIgniter->handleRequest(NULL, Object(Config\Cache), false)
#4 D:\project-root\public\index.php(45): CodeIgniter\CodeIgniter->run()
#5 D:\project-root\vendor\codeigniter4\framework\system\Commands\Server\rewrite.php(34): require_once('D:\\project-root...')
#6 {main}
CRITICAL - 2020-09-08 12:40:09 --> Trying to get property 'kelas' of non-object
#0 D:\project-root\app\Controllers\Presensi.php(36): CodeIgniter\Debug\Exceptions->errorHandler(8, 'Trying to get p...', 'D:\\project-root...', 36, Array)
#1 D:\project-root\vendor\codeigniter4\framework\system\CodeIgniter.php(918): App\Controllers\Presensi->create()
#2 D:\project-root\vendor\codeigniter4\framework\system\CodeIgniter.php(404): CodeIgniter\CodeIgniter->runController(Object(App\Controllers\Presensi))
#3 D:\project-root\vendor\codeigniter4\framework\system\CodeIgniter.php(312): CodeIgniter\CodeIgniter->handleRequest(NULL, Object(Config\Cache), false)
#4 D:\project-root\public\index.php(45): CodeIgniter\CodeIgniter->run()
#5 D:\project-root\vendor\codeigniter4\framework\system\Commands\Server\rewrite.php(34): require_once('D:\\project-root...')
#6 {main}
CRITICAL - 2020-09-08 12:40:41 --> Trying to get property 'kelas' of non-object
#0 D:\project-root\app\Controllers\Presensi.php(36): CodeIgniter\Debug\Exceptions->errorHandler(8, 'Trying to get p...', 'D:\\project-root...', 36, Array)
#1 D:\project-root\vendor\codeigniter4\framework\system\CodeIgniter.php(918): App\Controllers\Presensi->create()
#2 D:\project-root\vendor\codeigniter4\framework\system\CodeIgniter.php(404): CodeIgniter\CodeIgniter->runController(Object(App\Controllers\Presensi))
#3 D:\project-root\vendor\codeigniter4\framework\system\CodeIgniter.php(312): CodeIgniter\CodeIgniter->handleRequest(NULL, Object(Config\Cache), false)
#4 D:\project-root\public\index.php(45): CodeIgniter\CodeIgniter->run()
#5 D:\project-root\vendor\codeigniter4\framework\system\Commands\Server\rewrite.php(34): require_once('D:\\project-root...')
#6 {main}
CRITICAL - 2020-09-08 12:40:42 --> Trying to get property 'kelas' of non-object
#0 D:\project-root\app\Controllers\Presensi.php(36): CodeIgniter\Debug\Exceptions->errorHandler(8, 'Trying to get p...', 'D:\\project-root...', 36, Array)
#1 D:\project-root\vendor\codeigniter4\framework\system\CodeIgniter.php(918): App\Controllers\Presensi->create()
#2 D:\project-root\vendor\codeigniter4\framework\system\CodeIgniter.php(404): CodeIgniter\CodeIgniter->runController(Object(App\Controllers\Presensi))
#3 D:\project-root\vendor\codeigniter4\framework\system\CodeIgniter.php(312): CodeIgniter\CodeIgniter->handleRequest(NULL, Object(Config\Cache), false)
#4 D:\project-root\public\index.php(45): CodeIgniter\CodeIgniter->run()
#5 D:\project-root\vendor\codeigniter4\framework\system\Commands\Server\rewrite.php(34): require_once('D:\\project-root...')
#6 {main}
CRITICAL - 2020-09-08 12:40:43 --> Trying to get property 'kelas' of non-object
#0 D:\project-root\app\Controllers\Presensi.php(36): CodeIgniter\Debug\Exceptions->errorHandler(8, 'Trying to get p...', 'D:\\project-root...', 36, Array)
#1 D:\project-root\vendor\codeigniter4\framework\system\CodeIgniter.php(918): App\Controllers\Presensi->create()
#2 D:\project-root\vendor\codeigniter4\framework\system\CodeIgniter.php(404): CodeIgniter\CodeIgniter->runController(Object(App\Controllers\Presensi))
#3 D:\project-root\vendor\codeigniter4\framework\system\CodeIgniter.php(312): CodeIgniter\CodeIgniter->handleRequest(NULL, Object(Config\Cache), false)
#4 D:\project-root\public\index.php(45): CodeIgniter\CodeIgniter->run()
#5 D:\project-root\vendor\codeigniter4\framework\system\Commands\Server\rewrite.php(34): require_once('D:\\project-root...')
#6 {main}
CRITICAL - 2020-09-08 12:40:44 --> Trying to get property 'kelas' of non-object
#0 D:\project-root\app\Controllers\Presensi.php(36): CodeIgniter\Debug\Exceptions->errorHandler(8, 'Trying to get p...', 'D:\\project-root...', 36, Array)
#1 D:\project-root\vendor\codeigniter4\framework\system\CodeIgniter.php(918): App\Controllers\Presensi->create()
#2 D:\project-root\vendor\codeigniter4\framework\system\CodeIgniter.php(404): CodeIgniter\CodeIgniter->runController(Object(App\Controllers\Presensi))
#3 D:\project-root\vendor\codeigniter4\framework\system\CodeIgniter.php(312): CodeIgniter\CodeIgniter->handleRequest(NULL, Object(Config\Cache), false)
#4 D:\project-root\public\index.php(45): CodeIgniter\CodeIgniter->run()
#5 D:\project-root\vendor\codeigniter4\framework\system\Commands\Server\rewrite.php(34): require_once('D:\\project-root...')
#6 {main}
CRITICAL - 2020-09-08 12:40:44 --> Trying to get property 'kelas' of non-object
#0 D:\project-root\app\Controllers\Presensi.php(36): CodeIgniter\Debug\Exceptions->errorHandler(8, 'Trying to get p...', 'D:\\project-root...', 36, Array)
#1 D:\project-root\vendor\codeigniter4\framework\system\CodeIgniter.php(918): App\Controllers\Presensi->create()
#2 D:\project-root\vendor\codeigniter4\framework\system\CodeIgniter.php(404): CodeIgniter\CodeIgniter->runController(Object(App\Controllers\Presensi))
#3 D:\project-root\vendor\codeigniter4\framework\system\CodeIgniter.php(312): CodeIgniter\CodeIgniter->handleRequest(NULL, Object(Config\Cache), false)
#4 D:\project-root\public\index.php(45): CodeIgniter\CodeIgniter->run()
#5 D:\project-root\vendor\codeigniter4\framework\system\Commands\Server\rewrite.php(34): require_once('D:\\project-root...')
#6 {main}
CRITICAL - 2020-09-08 12:40:46 --> Trying to get property 'kelas' of non-object
#0 D:\project-root\app\Controllers\Presensi.php(36): CodeIgniter\Debug\Exceptions->errorHandler(8, 'Trying to get p...', 'D:\\project-root...', 36, Array)
#1 D:\project-root\vendor\codeigniter4\framework\system\CodeIgniter.php(918): App\Controllers\Presensi->create()
#2 D:\project-root\vendor\codeigniter4\framework\system\CodeIgniter.php(404): CodeIgniter\CodeIgniter->runController(Object(App\Controllers\Presensi))
#3 D:\project-root\vendor\codeigniter4\framework\system\CodeIgniter.php(312): CodeIgniter\CodeIgniter->handleRequest(NULL, Object(Config\Cache), false)
#4 D:\project-root\public\index.php(45): CodeIgniter\CodeIgniter->run()
#5 D:\project-root\vendor\codeigniter4\framework\system\Commands\Server\rewrite.php(34): require_once('D:\\project-root...')
#6 {main}
CRITICAL - 2020-09-08 12:40:47 --> Trying to get property 'kelas' of non-object
#0 D:\project-root\app\Controllers\Presensi.php(36): CodeIgniter\Debug\Exceptions->errorHandler(8, 'Trying to get p...', 'D:\\project-root...', 36, Array)
#1 D:\project-root\vendor\codeigniter4\framework\system\CodeIgniter.php(918): App\Controllers\Presensi->create()
#2 D:\project-root\vendor\codeigniter4\framework\system\CodeIgniter.php(404): CodeIgniter\CodeIgniter->runController(Object(App\Controllers\Presensi))
#3 D:\project-root\vendor\codeigniter4\framework\system\CodeIgniter.php(312): CodeIgniter\CodeIgniter->handleRequest(NULL, Object(Config\Cache), false)
#4 D:\project-root\public\index.php(45): CodeIgniter\CodeIgniter->run()
#5 D:\project-root\vendor\codeigniter4\framework\system\Commands\Server\rewrite.php(34): require_once('D:\\project-root...')
#6 {main}
CRITICAL - 2020-09-08 12:40:59 --> Trying to get property 'kelas' of non-object
#0 D:\project-root\app\Controllers\Presensi.php(36): CodeIgniter\Debug\Exceptions->errorHandler(8, 'Trying to get p...', 'D:\\project-root...', 36, Array)
#1 D:\project-root\vendor\codeigniter4\framework\system\CodeIgniter.php(918): App\Controllers\Presensi->create()
#2 D:\project-root\vendor\codeigniter4\framework\system\CodeIgniter.php(404): CodeIgniter\CodeIgniter->runController(Object(App\Controllers\Presensi))
#3 D:\project-root\vendor\codeigniter4\framework\system\CodeIgniter.php(312): CodeIgniter\CodeIgniter->handleRequest(NULL, Object(Config\Cache), false)
#4 D:\project-root\public\index.php(45): CodeIgniter\CodeIgniter->run()
#5 D:\project-root\vendor\codeigniter4\framework\system\Commands\Server\rewrite.php(34): require_once('D:\\project-root...')
#6 {main}
CRITICAL - 2020-09-08 12:41:00 --> Trying to get property 'kelas' of non-object
#0 D:\project-root\app\Controllers\Presensi.php(39): CodeIgniter\Debug\Exceptions->errorHandler(8, 'Trying to get p...', 'D:\\project-root...', 39, Array)
#1 D:\project-root\vendor\codeigniter4\framework\system\CodeIgniter.php(918): App\Controllers\Presensi->create()
#2 D:\project-root\vendor\codeigniter4\framework\system\CodeIgniter.php(404): CodeIgniter\CodeIgniter->runController(Object(App\Controllers\Presensi))
#3 D:\project-root\vendor\codeigniter4\framework\system\CodeIgniter.php(312): CodeIgniter\CodeIgniter->handleRequest(NULL, Object(Config\Cache), false)
#4 D:\project-root\public\index.php(45): CodeIgniter\CodeIgniter->run()
#5 D:\project-root\vendor\codeigniter4\framework\system\Commands\Server\rewrite.php(34): require_once('D:\\project-root...')
#6 {main}
CRITICAL - 2020-09-08 12:41:01 --> Trying to get property 'kelas' of non-object
#0 D:\project-root\app\Controllers\Presensi.php(39): CodeIgniter\Debug\Exceptions->errorHandler(8, 'Trying to get p...', 'D:\\project-root...', 39, Array)
#1 D:\project-root\vendor\codeigniter4\framework\system\CodeIgniter.php(918): App\Controllers\Presensi->create()
#2 D:\project-root\vendor\codeigniter4\framework\system\CodeIgniter.php(404): CodeIgniter\CodeIgniter->runController(Object(App\Controllers\Presensi))
#3 D:\project-root\vendor\codeigniter4\framework\system\CodeIgniter.php(312): CodeIgniter\CodeIgniter->handleRequest(NULL, Object(Config\Cache), false)
#4 D:\project-root\public\index.php(45): CodeIgniter\CodeIgniter->run()
#5 D:\project-root\vendor\codeigniter4\framework\system\Commands\Server\rewrite.php(34): require_once('D:\\project-root...')
#6 {main}
CRITICAL - 2020-09-08 12:41:01 --> Trying to get property 'kelas' of non-object
#0 D:\project-root\app\Controllers\Presensi.php(39): CodeIgniter\Debug\Exceptions->errorHandler(8, 'Trying to get p...', 'D:\\project-root...', 39, Array)
#1 D:\project-root\vendor\codeigniter4\framework\system\CodeIgniter.php(918): App\Controllers\Presensi->create()
#2 D:\project-root\vendor\codeigniter4\framework\system\CodeIgniter.php(404): CodeIgniter\CodeIgniter->runController(Object(App\Controllers\Presensi))
#3 D:\project-root\vendor\codeigniter4\framework\system\CodeIgniter.php(312): CodeIgniter\CodeIgniter->handleRequest(NULL, Object(Config\Cache), false)
#4 D:\project-root\public\index.php(45): CodeIgniter\CodeIgniter->run()
#5 D:\project-root\vendor\codeigniter4\framework\system\Commands\Server\rewrite.php(34): require_once('D:\\project-root...')
#6 {main}
CRITICAL - 2020-09-08 12:41:02 --> Trying to get property 'kelas' of non-object
#0 D:\project-root\app\Controllers\Presensi.php(39): CodeIgniter\Debug\Exceptions->errorHandler(8, 'Trying to get p...', 'D:\\project-root...', 39, Array)
#1 D:\project-root\vendor\codeigniter4\framework\system\CodeIgniter.php(918): App\Controllers\Presensi->create()
#2 D:\project-root\vendor\codeigniter4\framework\system\CodeIgniter.php(404): CodeIgniter\CodeIgniter->runController(Object(App\Controllers\Presensi))
#3 D:\project-root\vendor\codeigniter4\framework\system\CodeIgniter.php(312): CodeIgniter\CodeIgniter->handleRequest(NULL, Object(Config\Cache), false)
#4 D:\project-root\public\index.php(45): CodeIgniter\CodeIgniter->run()
#5 D:\project-root\vendor\codeigniter4\framework\system\Commands\Server\rewrite.php(34): require_once('D:\\project-root...')
#6 {main}
CRITICAL - 2020-09-08 12:41:02 --> Trying to get property 'kelas' of non-object
#0 D:\project-root\app\Controllers\Presensi.php(39): CodeIgniter\Debug\Exceptions->errorHandler(8, 'Trying to get p...', 'D:\\project-root...', 39, Array)
#1 D:\project-root\vendor\codeigniter4\framework\system\CodeIgniter.php(918): App\Controllers\Presensi->create()
#2 D:\project-root\vendor\codeigniter4\framework\system\CodeIgniter.php(404): CodeIgniter\CodeIgniter->runController(Object(App\Controllers\Presensi))
#3 D:\project-root\vendor\codeigniter4\framework\system\CodeIgniter.php(312): CodeIgniter\CodeIgniter->handleRequest(NULL, Object(Config\Cache), false)
#4 D:\project-root\public\index.php(45): CodeIgniter\CodeIgniter->run()
#5 D:\project-root\vendor\codeigniter4\framework\system\Commands\Server\rewrite.php(34): require_once('D:\\project-root...')
#6 {main}
CRITICAL - 2020-09-08 12:41:04 --> Trying to get property 'kelas' of non-object
#0 D:\project-root\app\Controllers\Presensi.php(39): CodeIgniter\Debug\Exceptions->errorHandler(8, 'Trying to get p...', 'D:\\project-root...', 39, Array)
#1 D:\project-root\vendor\codeigniter4\framework\system\CodeIgniter.php(918): App\Controllers\Presensi->create()
#2 D:\project-root\vendor\codeigniter4\framework\system\CodeIgniter.php(404): CodeIgniter\CodeIgniter->runController(Object(App\Controllers\Presensi))
#3 D:\project-root\vendor\codeigniter4\framework\system\CodeIgniter.php(312): CodeIgniter\CodeIgniter->handleRequest(NULL, Object(Config\Cache), false)
#4 D:\project-root\public\index.php(45): CodeIgniter\CodeIgniter->run()
#5 D:\project-root\vendor\codeigniter4\framework\system\Commands\Server\rewrite.php(34): require_once('D:\\project-root...')
#6 {main}
CRITICAL - 2020-09-08 12:41:05 --> Trying to get property 'kelas' of non-object
#0 D:\project-root\app\Controllers\Presensi.php(39): CodeIgniter\Debug\Exceptions->errorHandler(8, 'Trying to get p...', 'D:\\project-root...', 39, Array)
#1 D:\project-root\vendor\codeigniter4\framework\system\CodeIgniter.php(918): App\Controllers\Presensi->create()
#2 D:\project-root\vendor\codeigniter4\framework\system\CodeIgniter.php(404): CodeIgniter\CodeIgniter->runController(Object(App\Controllers\Presensi))
#3 D:\project-root\vendor\codeigniter4\framework\system\CodeIgniter.php(312): CodeIgniter\CodeIgniter->handleRequest(NULL, Object(Config\Cache), false)
#4 D:\project-root\public\index.php(45): CodeIgniter\CodeIgniter->run()
#5 D:\project-root\vendor\codeigniter4\framework\system\Commands\Server\rewrite.php(34): require_once('D:\\project-root...')
#6 {main}
CRITICAL - 2020-09-08 12:41:05 --> Trying to get property 'kelas' of non-object
#0 D:\project-root\app\Controllers\Presensi.php(39): CodeIgniter\Debug\Exceptions->errorHandler(8, 'Trying to get p...', 'D:\\project-root...', 39, Array)
#1 D:\project-root\vendor\codeigniter4\framework\system\CodeIgniter.php(918): App\Controllers\Presensi->create()
#2 D:\project-root\vendor\codeigniter4\framework\system\CodeIgniter.php(404): CodeIgniter\CodeIgniter->runController(Object(App\Controllers\Presensi))
#3 D:\project-root\vendor\codeigniter4\framework\system\CodeIgniter.php(312): CodeIgniter\CodeIgniter->handleRequest(NULL, Object(Config\Cache), false)
#4 D:\project-root\public\index.php(45): CodeIgniter\CodeIgniter->run()
#5 D:\project-root\vendor\codeigniter4\framework\system\Commands\Server\rewrite.php(34): require_once('D:\\project-root...')
#6 {main}
CRITICAL - 2020-09-08 12:43:34 --> syntax error, unexpected ';'
#0 D:\project-root\vendor\codeigniter4\framework\system\Router\Router.php(195): CodeIgniter\Router\Router->autoRoute('presensi/create')
#1 D:\project-root\vendor\codeigniter4\framework\system\CodeIgniter.php(793): CodeIgniter\Router\Router->handle('presensi/create')
#2 D:\project-root\vendor\codeigniter4\framework\system\CodeIgniter.php(364): CodeIgniter\CodeIgniter->tryToRouteIt(Object(CodeIgniter\Router\RouteCollection))
#3 D:\project-root\vendor\codeigniter4\framework\system\CodeIgniter.php(312): CodeIgniter\CodeIgniter->handleRequest(NULL, Object(Config\Cache), false)
#4 D:\project-root\public\index.php(45): CodeIgniter\CodeIgniter->run()
#5 D:\project-root\vendor\codeigniter4\framework\system\Commands\Server\rewrite.php(34): require_once('D:\\project-root...')
#6 {main}
CRITICAL - 2020-09-08 13:07:02 --> explode() expects parameter 2 to be string, array given
#0 [internal function]: CodeIgniter\Debug\Exceptions->errorHandler(2, 'explode() expec...', 'D:\\project-root...', 54, Array)
#1 D:\project-root\app\Controllers\Jadwal.php(54): explode('+', Array)
#2 D:\project-root\vendor\codeigniter4\framework\system\CodeIgniter.php(918): App\Controllers\Jadwal->test()
#3 D:\project-root\vendor\codeigniter4\framework\system\CodeIgniter.php(404): CodeIgniter\CodeIgniter->runController(Object(App\Controllers\Jadwal))
#4 D:\project-root\vendor\codeigniter4\framework\system\CodeIgniter.php(312): CodeIgniter\CodeIgniter->handleRequest(NULL, Object(Config\Cache), false)
#5 D:\project-root\public\index.php(45): CodeIgniter\CodeIgniter->run()
#6 D:\project-root\vendor\codeigniter4\framework\system\Commands\Server\rewrite.php(34): require_once('D:\\project-root...')
#7 {main}
CRITICAL - 2020-09-08 13:07:11 --> explode() expects parameter 2 to be string, array given
#0 [internal function]: CodeIgniter\Debug\Exceptions->errorHandler(2, 'explode() expec...', 'D:\\project-root...', 54, Array)
#1 D:\project-root\app\Controllers\Jadwal.php(54): explode('+', Array)
#2 D:\project-root\vendor\codeigniter4\framework\system\CodeIgniter.php(918): App\Controllers\Jadwal->test()
#3 D:\project-root\vendor\codeigniter4\framework\system\CodeIgniter.php(404): CodeIgniter\CodeIgniter->runController(Object(App\Controllers\Jadwal))
#4 D:\project-root\vendor\codeigniter4\framework\system\CodeIgniter.php(312): CodeIgniter\CodeIgniter->handleRequest(NULL, Object(Config\Cache), false)
#5 D:\project-root\public\index.php(45): CodeIgniter\CodeIgniter->run()
#6 D:\project-root\vendor\codeigniter4\framework\system\Commands\Server\rewrite.php(34): require_once('D:\\project-root...')
#7 {main}
CRITICAL - 2020-09-08 13:07:13 --> explode() expects parameter 2 to be string, array given
#0 [internal function]: CodeIgniter\Debug\Exceptions->errorHandler(2, 'explode() expec...', 'D:\\project-root...', 54, Array)
#1 D:\project-root\app\Controllers\Jadwal.php(54): explode('+', Array)
#2 D:\project-root\vendor\codeigniter4\framework\system\CodeIgniter.php(918): App\Controllers\Jadwal->test()
#3 D:\project-root\vendor\codeigniter4\framework\system\CodeIgniter.php(404): CodeIgniter\CodeIgniter->runController(Object(App\Controllers\Jadwal))
#4 D:\project-root\vendor\codeigniter4\framework\system\CodeIgniter.php(312): CodeIgniter\CodeIgniter->handleRequest(NULL, Object(Config\Cache), false)
#5 D:\project-root\public\index.php(45): CodeIgniter\CodeIgniter->run()
#6 D:\project-root\vendor\codeigniter4\framework\system\Commands\Server\rewrite.php(34): require_once('D:\\project-root...')
#7 {main}
CRITICAL - 2020-09-08 13:07:14 --> explode() expects parameter 2 to be string, array given
#0 [internal function]: CodeIgniter\Debug\Exceptions->errorHandler(2, 'explode() expec...', 'D:\\project-root...', 54, Array)
#1 D:\project-root\app\Controllers\Jadwal.php(54): explode('+', Array)
#2 D:\project-root\vendor\codeigniter4\framework\system\CodeIgniter.php(918): App\Controllers\Jadwal->test()
#3 D:\project-root\vendor\codeigniter4\framework\system\CodeIgniter.php(404): CodeIgniter\CodeIgniter->runController(Object(App\Controllers\Jadwal))
#4 D:\project-root\vendor\codeigniter4\framework\system\CodeIgniter.php(312): CodeIgniter\CodeIgniter->handleRequest(NULL, Object(Config\Cache), false)
#5 D:\project-root\public\index.php(45): CodeIgniter\CodeIgniter->run()
#6 D:\project-root\vendor\codeigniter4\framework\system\Commands\Server\rewrite.php(34): require_once('D:\\project-root...')
#7 {main}
CRITICAL - 2020-09-08 13:08:10 --> Trying to get property 'kelas_jadwal' of non-object
#0 D:\project-root\app\Controllers\Jadwal.php(54): CodeIgniter\Debug\Exceptions->errorHandler(8, 'Trying to get p...', 'D:\\project-root...', 54, Array)
#1 D:\project-root\vendor\codeigniter4\framework\system\CodeIgniter.php(918): App\Controllers\Jadwal->test()
#2 D:\project-root\vendor\codeigniter4\framework\system\CodeIgniter.php(404): CodeIgniter\CodeIgniter->runController(Object(App\Controllers\Jadwal))
#3 D:\project-root\vendor\codeigniter4\framework\system\CodeIgniter.php(312): CodeIgniter\CodeIgniter->handleRequest(NULL, Object(Config\Cache), false)
#4 D:\project-root\public\index.php(45): CodeIgniter\CodeIgniter->run()
#5 D:\project-root\vendor\codeigniter4\framework\system\Commands\Server\rewrite.php(34): require_once('D:\\project-root...')
#6 {main}
CRITICAL - 2020-09-08 13:08:32 --> Use of undefined constant kelas_jadwal - assumed 'kelas_jadwal' (this will throw an Error in a future version of PHP)
#0 D:\project-root\app\Controllers\Jadwal.php(54): CodeIgniter\Debug\Exceptions->errorHandler(2, 'Use of undefine...', 'D:\\project-root...', 54, Array)
#1 D:\project-root\vendor\codeigniter4\framework\system\CodeIgniter.php(918): App\Controllers\Jadwal->test()
#2 D:\project-root\vendor\codeigniter4\framework\system\CodeIgniter.php(404): CodeIgniter\CodeIgniter->runController(Object(App\Controllers\Jadwal))
#3 D:\project-root\vendor\codeigniter4\framework\system\CodeIgniter.php(312): CodeIgniter\CodeIgniter->handleRequest(NULL, Object(Config\Cache), false)
#4 D:\project-root\public\index.php(45): CodeIgniter\CodeIgniter->run()
#5 D:\project-root\vendor\codeigniter4\framework\system\Commands\Server\rewrite.php(34): require_once('D:\\project-root...')
#6 {main}
