CRITICAL - 2020-08-28 23:20:27 --> syntax error, unexpected ';', expecting ')'
#0 D:\project-root\vendor\codeigniter4\framework\system\Router\Router.php(195): CodeIgniter\Router\Router->autoRoute('presensi/test')
#1 D:\project-root\vendor\codeigniter4\framework\system\CodeIgniter.php(793): CodeIgniter\Router\Router->handle('presensi/test')
#2 D:\project-root\vendor\codeigniter4\framework\system\CodeIgniter.php(364): CodeIgniter\CodeIgniter->tryToRouteIt(Object(CodeIgniter\Router\RouteCollection))
#3 D:\project-root\vendor\codeigniter4\framework\system\CodeIgniter.php(312): CodeIgniter\CodeIgniter->handleRequest(NULL, Object(Config\Cache), false)
#4 D:\project-root\public\index.php(45): CodeIgniter\CodeIgniter->run()
#5 D:\project-root\vendor\codeigniter4\framework\system\Commands\Server\rewrite.php(34): require_once('D:\\project-root...')
#6 {main}
CRITICAL - 2020-08-28 23:20:29 --> syntax error, unexpected ';', expecting ')'
#0 D:\project-root\vendor\codeigniter4\framework\system\Router\Router.php(195): CodeIgniter\Router\Router->autoRoute('presensi/test')
#1 D:\project-root\vendor\codeigniter4\framework\system\CodeIgniter.php(793): CodeIgniter\Router\Router->handle('presensi/test')
#2 D:\project-root\vendor\codeigniter4\framework\system\CodeIgniter.php(364): CodeIgniter\CodeIgniter->tryToRouteIt(Object(CodeIgniter\Router\RouteCollection))
#3 D:\project-root\vendor\codeigniter4\framework\system\CodeIgniter.php(312): CodeIgniter\CodeIgniter->handleRequest(NULL, Object(Config\Cache), false)
#4 D:\project-root\public\index.php(45): CodeIgniter\CodeIgniter->run()
#5 D:\project-root\vendor\codeigniter4\framework\system\Commands\Server\rewrite.php(34): require_once('D:\\project-root...')
#6 {main}
CRITICAL - 2020-08-28 23:20:49 --> syntax error, unexpected '$qry' (T_VARIABLE)
#0 D:\project-root\vendor\codeigniter4\framework\system\Autoloader\Autoloader.php(296): CodeIgniter\Autoloader\Autoloader->requireFile('D:\\project-root...')
#1 D:\project-root\vendor\codeigniter4\framework\system\Autoloader\Autoloader.php(258): CodeIgniter\Autoloader\Autoloader->loadInNamespace('App\\Models\\Pres...')
#2 [internal function]: CodeIgniter\Autoloader\Autoloader->loadClass('App\\Models\\Pres...')
#3 D:\project-root\app\Controllers\Presensi.php(13): spl_autoload_call('App\\Models\\Pres...')
#4 D:\project-root\vendor\codeigniter4\framework\system\CodeIgniter.php(890): App\Controllers\Presensi->__construct()
#5 D:\project-root\vendor\codeigniter4\framework\system\CodeIgniter.php(399): CodeIgniter\CodeIgniter->createController()
#6 D:\project-root\vendor\codeigniter4\framework\system\CodeIgniter.php(312): CodeIgniter\CodeIgniter->handleRequest(NULL, Object(Config\Cache), false)
#7 D:\project-root\public\index.php(45): CodeIgniter\CodeIgniter->run()
#8 D:\project-root\vendor\codeigniter4\framework\system\Commands\Server\rewrite.php(34): require_once('D:\\project-root...')
#9 {main}
CRITICAL - 2020-08-28 23:20:54 --> syntax error, unexpected '$qry' (T_VARIABLE)
#0 D:\project-root\vendor\codeigniter4\framework\system\Autoloader\Autoloader.php(296): CodeIgniter\Autoloader\Autoloader->requireFile('D:\\project-root...')
#1 D:\project-root\vendor\codeigniter4\framework\system\Autoloader\Autoloader.php(258): CodeIgniter\Autoloader\Autoloader->loadInNamespace('App\\Models\\Pres...')
#2 [internal function]: CodeIgniter\Autoloader\Autoloader->loadClass('App\\Models\\Pres...')
#3 D:\project-root\app\Controllers\Presensi.php(13): spl_autoload_call('App\\Models\\Pres...')
#4 D:\project-root\vendor\codeigniter4\framework\system\CodeIgniter.php(890): App\Controllers\Presensi->__construct()
#5 D:\project-root\vendor\codeigniter4\framework\system\CodeIgniter.php(399): CodeIgniter\CodeIgniter->createController()
#6 D:\project-root\vendor\codeigniter4\framework\system\CodeIgniter.php(312): CodeIgniter\CodeIgniter->handleRequest(NULL, Object(Config\Cache), false)
#7 D:\project-root\public\index.php(45): CodeIgniter\CodeIgniter->run()
#8 D:\project-root\vendor\codeigniter4\framework\system\Commands\Server\rewrite.php(34): require_once('D:\\project-root...')
#9 {main}
CRITICAL - 2020-08-28 23:21:12 --> syntax error, unexpected '$qry' (T_VARIABLE)
#0 D:\project-root\vendor\codeigniter4\framework\system\Autoloader\Autoloader.php(296): CodeIgniter\Autoloader\Autoloader->requireFile('D:\\project-root...')
#1 D:\project-root\vendor\codeigniter4\framework\system\Autoloader\Autoloader.php(258): CodeIgniter\Autoloader\Autoloader->loadInNamespace('App\\Models\\Pres...')
#2 [internal function]: CodeIgniter\Autoloader\Autoloader->loadClass('App\\Models\\Pres...')
#3 D:\project-root\app\Controllers\Presensi.php(13): spl_autoload_call('App\\Models\\Pres...')
#4 D:\project-root\vendor\codeigniter4\framework\system\CodeIgniter.php(890): App\Controllers\Presensi->__construct()
#5 D:\project-root\vendor\codeigniter4\framework\system\CodeIgniter.php(399): CodeIgniter\CodeIgniter->createController()
#6 D:\project-root\vendor\codeigniter4\framework\system\CodeIgniter.php(312): CodeIgniter\CodeIgniter->handleRequest(NULL, Object(Config\Cache), false)
#7 D:\project-root\public\index.php(45): CodeIgniter\CodeIgniter->run()
#8 D:\project-root\vendor\codeigniter4\framework\system\Commands\Server\rewrite.php(34): require_once('D:\\project-root...')
#9 {main}
CRITICAL - 2020-08-28 23:21:28 --> Too few arguments to function App\Models\Presensi_model::getMshPresensi(), 0 passed in D:\project-root\app\Controllers\Presensi.php on line 92 and exactly 1 expected
#0 D:\project-root\app\Controllers\Presensi.php(92): App\Models\Presensi_model->getMshPresensi()
#1 D:\project-root\vendor\codeigniter4\framework\system\CodeIgniter.php(918): App\Controllers\Presensi->test()
#2 D:\project-root\vendor\codeigniter4\framework\system\CodeIgniter.php(404): CodeIgniter\CodeIgniter->runController(Object(App\Controllers\Presensi))
#3 D:\project-root\vendor\codeigniter4\framework\system\CodeIgniter.php(312): CodeIgniter\CodeIgniter->handleRequest(NULL, Object(Config\Cache), false)
#4 D:\project-root\public\index.php(45): CodeIgniter\CodeIgniter->run()
#5 D:\project-root\vendor\codeigniter4\framework\system\Commands\Server\rewrite.php(34): require_once('D:\\project-root...')
#6 {main}
CRITICAL - 2020-08-28 23:24:10 --> Too few arguments to function App\Models\Presensi_model::getMshPresensi(), 0 passed in D:\project-root\app\Controllers\Presensi.php on line 92 and exactly 1 expected
#0 D:\project-root\app\Controllers\Presensi.php(92): App\Models\Presensi_model->getMshPresensi()
#1 D:\project-root\vendor\codeigniter4\framework\system\CodeIgniter.php(918): App\Controllers\Presensi->test()
#2 D:\project-root\vendor\codeigniter4\framework\system\CodeIgniter.php(404): CodeIgniter\CodeIgniter->runController(Object(App\Controllers\Presensi))
#3 D:\project-root\vendor\codeigniter4\framework\system\CodeIgniter.php(312): CodeIgniter\CodeIgniter->handleRequest(NULL, Object(Config\Cache), false)
#4 D:\project-root\public\index.php(45): CodeIgniter\CodeIgniter->run()
#5 D:\project-root\vendor\codeigniter4\framework\system\Commands\Server\rewrite.php(34): require_once('D:\\project-root...')
#6 {main}
CRITICAL - 2020-08-28 23:25:07 --> Too few arguments to function App\Models\Presensi_model::getMshPresensi(), 0 passed in D:\project-root\app\Controllers\Presensi.php on line 92 and exactly 1 expected
#0 D:\project-root\app\Controllers\Presensi.php(92): App\Models\Presensi_model->getMshPresensi()
#1 D:\project-root\vendor\codeigniter4\framework\system\CodeIgniter.php(918): App\Controllers\Presensi->test()
#2 D:\project-root\vendor\codeigniter4\framework\system\CodeIgniter.php(404): CodeIgniter\CodeIgniter->runController(Object(App\Controllers\Presensi))
#3 D:\project-root\vendor\codeigniter4\framework\system\CodeIgniter.php(312): CodeIgniter\CodeIgniter->handleRequest(NULL, Object(Config\Cache), false)
#4 D:\project-root\public\index.php(45): CodeIgniter\CodeIgniter->run()
#5 D:\project-root\vendor\codeigniter4\framework\system\Commands\Server\rewrite.php(34): require_once('D:\\project-root...')
#6 {main}
CRITICAL - 2020-08-28 23:26:52 --> Argument 1 passed to CodeIgniter\Database\BaseConnection::query() must be of the type string, null given, called in D:\project-root\app\Models\Presensi_model.php on line 53
#0 D:\project-root\app\Models\Presensi_model.php(53): CodeIgniter\Database\BaseConnection->query(NULL)
#1 D:\project-root\app\Controllers\Presensi.php(92): App\Models\Presensi_model->getMshPresensi()
#2 D:\project-root\vendor\codeigniter4\framework\system\CodeIgniter.php(918): App\Controllers\Presensi->test()
#3 D:\project-root\vendor\codeigniter4\framework\system\CodeIgniter.php(404): CodeIgniter\CodeIgniter->runController(Object(App\Controllers\Presensi))
#4 D:\project-root\vendor\codeigniter4\framework\system\CodeIgniter.php(312): CodeIgniter\CodeIgniter->handleRequest(NULL, Object(Config\Cache), false)
#5 D:\project-root\public\index.php(45): CodeIgniter\CodeIgniter->run()
#6 D:\project-root\vendor\codeigniter4\framework\system\Commands\Server\rewrite.php(34): require_once('D:\\project-root...')
#7 {main}
CRITICAL - 2020-08-28 23:27:19 --> Call to undefined method CodeIgniter\Database\MySQLi\Result::get()
#0 D:\project-root\app\Controllers\Presensi.php(92): App\Models\Presensi_model->getMshPresensi()
#1 D:\project-root\vendor\codeigniter4\framework\system\CodeIgniter.php(918): App\Controllers\Presensi->test()
#2 D:\project-root\vendor\codeigniter4\framework\system\CodeIgniter.php(404): CodeIgniter\CodeIgniter->runController(Object(App\Controllers\Presensi))
#3 D:\project-root\vendor\codeigniter4\framework\system\CodeIgniter.php(312): CodeIgniter\CodeIgniter->handleRequest(NULL, Object(Config\Cache), false)
#4 D:\project-root\public\index.php(45): CodeIgniter\CodeIgniter->run()
#5 D:\project-root\vendor\codeigniter4\framework\system\Commands\Server\rewrite.php(34): require_once('D:\\project-root...')
#6 {main}
CRITICAL - 2020-08-28 23:30:49 --> Call to undefined method CodeIgniter\Database\MySQLi\Connection::select()
#0 D:\project-root\app\Controllers\Presensi.php(92): App\Models\Presensi_model->getMshPresensi()
#1 D:\project-root\vendor\codeigniter4\framework\system\CodeIgniter.php(918): App\Controllers\Presensi->test()
#2 D:\project-root\vendor\codeigniter4\framework\system\CodeIgniter.php(404): CodeIgniter\CodeIgniter->runController(Object(App\Controllers\Presensi))
#3 D:\project-root\vendor\codeigniter4\framework\system\CodeIgniter.php(312): CodeIgniter\CodeIgniter->handleRequest(NULL, Object(Config\Cache), false)
#4 D:\project-root\public\index.php(45): CodeIgniter\CodeIgniter->run()
#5 D:\project-root\vendor\codeigniter4\framework\system\Commands\Server\rewrite.php(34): require_once('D:\\project-root...')
#6 {main}
CRITICAL - 2020-08-28 23:31:22 --> Call to undefined method CodeIgniter\Database\MySQLi\Connection::select()
#0 D:\project-root\app\Controllers\Presensi.php(92): App\Models\Presensi_model->getMshPresensi()
#1 D:\project-root\vendor\codeigniter4\framework\system\CodeIgniter.php(918): App\Controllers\Presensi->test()
#2 D:\project-root\vendor\codeigniter4\framework\system\CodeIgniter.php(404): CodeIgniter\CodeIgniter->runController(Object(App\Controllers\Presensi))
#3 D:\project-root\vendor\codeigniter4\framework\system\CodeIgniter.php(312): CodeIgniter\CodeIgniter->handleRequest(NULL, Object(Config\Cache), false)
#4 D:\project-root\public\index.php(45): CodeIgniter\CodeIgniter->run()
#5 D:\project-root\vendor\codeigniter4\framework\system\Commands\Server\rewrite.php(34): require_once('D:\\project-root...')
#6 {main}
CRITICAL - 2020-08-28 23:32:03 --> Call to undefined method CodeIgniter\Database\MySQLi\Connection::select()
#0 D:\project-root\app\Controllers\Presensi.php(92): App\Models\Presensi_model->getMshPresensi()
#1 D:\project-root\vendor\codeigniter4\framework\system\CodeIgniter.php(918): App\Controllers\Presensi->test()
#2 D:\project-root\vendor\codeigniter4\framework\system\CodeIgniter.php(404): CodeIgniter\CodeIgniter->runController(Object(App\Controllers\Presensi))
#3 D:\project-root\vendor\codeigniter4\framework\system\CodeIgniter.php(312): CodeIgniter\CodeIgniter->handleRequest(NULL, Object(Config\Cache), false)
#4 D:\project-root\public\index.php(45): CodeIgniter\CodeIgniter->run()
#5 D:\project-root\vendor\codeigniter4\framework\system\Commands\Server\rewrite.php(34): require_once('D:\\project-root...')
#6 {main}
CRITICAL - 2020-08-28 23:32:33 --> Call to undefined method CodeIgniter\Database\MySQLi\Connection::from()
#0 D:\project-root\app\Controllers\Presensi.php(92): App\Models\Presensi_model->getMshPresensi()
#1 D:\project-root\vendor\codeigniter4\framework\system\CodeIgniter.php(918): App\Controllers\Presensi->test()
#2 D:\project-root\vendor\codeigniter4\framework\system\CodeIgniter.php(404): CodeIgniter\CodeIgniter->runController(Object(App\Controllers\Presensi))
#3 D:\project-root\vendor\codeigniter4\framework\system\CodeIgniter.php(312): CodeIgniter\CodeIgniter->handleRequest(NULL, Object(Config\Cache), false)
#4 D:\project-root\public\index.php(45): CodeIgniter\CodeIgniter->run()
#5 D:\project-root\vendor\codeigniter4\framework\system\Commands\Server\rewrite.php(34): require_once('D:\\project-root...')
#6 {main}
CRITICAL - 2020-08-28 23:32:55 --> Call to undefined method CodeIgniter\Database\MySQLi\Connection::join()
#0 D:\project-root\app\Controllers\Presensi.php(92): App\Models\Presensi_model->getMshPresensi()
#1 D:\project-root\vendor\codeigniter4\framework\system\CodeIgniter.php(918): App\Controllers\Presensi->test()
#2 D:\project-root\vendor\codeigniter4\framework\system\CodeIgniter.php(404): CodeIgniter\CodeIgniter->runController(Object(App\Controllers\Presensi))
#3 D:\project-root\vendor\codeigniter4\framework\system\CodeIgniter.php(312): CodeIgniter\CodeIgniter->handleRequest(NULL, Object(Config\Cache), false)
#4 D:\project-root\public\index.php(45): CodeIgniter\CodeIgniter->run()
#5 D:\project-root\vendor\codeigniter4\framework\system\Commands\Server\rewrite.php(34): require_once('D:\\project-root...')
#6 {main}
CRITICAL - 2020-08-28 23:33:14 --> Call to undefined method CodeIgniter\Database\MySQLi\Connection::get()
#0 D:\project-root\app\Controllers\Presensi.php(92): App\Models\Presensi_model->getMshPresensi()
#1 D:\project-root\vendor\codeigniter4\framework\system\CodeIgniter.php(918): App\Controllers\Presensi->test()
#2 D:\project-root\vendor\codeigniter4\framework\system\CodeIgniter.php(404): CodeIgniter\CodeIgniter->runController(Object(App\Controllers\Presensi))
#3 D:\project-root\vendor\codeigniter4\framework\system\CodeIgniter.php(312): CodeIgniter\CodeIgniter->handleRequest(NULL, Object(Config\Cache), false)
#4 D:\project-root\public\index.php(45): CodeIgniter\CodeIgniter->run()
#5 D:\project-root\vendor\codeigniter4\framework\system\Commands\Server\rewrite.php(34): require_once('D:\\project-root...')
#6 {main}
CRITICAL - 2020-08-28 23:33:27 --> You have an error in your SQL syntax; check the manual that corresponds to your MySQL server version for the right syntax to use near 'SELECT sesi.kode_sesi, presensi.nrp, mahasiswa.nama, mahasiswa.kelas FROM presen' at line 1
#0 D:\project-root\vendor\codeigniter4\framework\system\Database\MySQLi\Connection.php(331): mysqli->query('SELECT SELECT s...')
#1 D:\project-root\vendor\codeigniter4\framework\system\Database\BaseConnection.php(741): CodeIgniter\Database\MySQLi\Connection->execute('SELECT SELECT s...')
#2 D:\project-root\vendor\codeigniter4\framework\system\Database\BaseConnection.php(669): CodeIgniter\Database\BaseConnection->simpleQuery('SELECT SELECT s...')
#3 D:\project-root\vendor\codeigniter4\framework\system\Database\BaseBuilder.php(1860): CodeIgniter\Database\BaseConnection->query('SELECT SELECT s...', Array, false)
#4 D:\project-root\vendor\codeigniter4\framework\system\Model.php(1818): CodeIgniter\Database\BaseBuilder->get()
#5 D:\project-root\app\Models\Presensi_model.php(63): CodeIgniter\Model->__call('get', Array)
#6 D:\project-root\app\Controllers\Presensi.php(92): App\Models\Presensi_model->getMshPresensi()
#7 D:\project-root\vendor\codeigniter4\framework\system\CodeIgniter.php(918): App\Controllers\Presensi->test()
#8 D:\project-root\vendor\codeigniter4\framework\system\CodeIgniter.php(404): CodeIgniter\CodeIgniter->runController(Object(App\Controllers\Presensi))
#9 D:\project-root\vendor\codeigniter4\framework\system\CodeIgniter.php(312): CodeIgniter\CodeIgniter->handleRequest(NULL, Object(Config\Cache), false)
#10 D:\project-root\public\index.php(45): CodeIgniter\CodeIgniter->run()
#11 D:\project-root\vendor\codeigniter4\framework\system\Commands\Server\rewrite.php(34): require_once('D:\\project-root...')
#12 {main}
CRITICAL - 2020-08-28 23:33:53 --> You have an error in your SQL syntax; check the manual that corresponds to your MySQL server version for the right syntax to use near 'FROM `presensi`
JOIN `sesi` ON `presensi`.`kode_sesi` = `sesi`.`kode_sesi`
JOIN ' at line 2
#0 D:\project-root\vendor\codeigniter4\framework\system\Database\MySQLi\Connection.php(331): mysqli->query('SELECT sesi.kod...')
#1 D:\project-root\vendor\codeigniter4\framework\system\Database\BaseConnection.php(741): CodeIgniter\Database\MySQLi\Connection->execute('SELECT sesi.kod...')
#2 D:\project-root\vendor\codeigniter4\framework\system\Database\BaseConnection.php(669): CodeIgniter\Database\BaseConnection->simpleQuery('SELECT sesi.kod...')
#3 D:\project-root\vendor\codeigniter4\framework\system\Database\BaseBuilder.php(1860): CodeIgniter\Database\BaseConnection->query('SELECT sesi.kod...', Array, false)
#4 D:\project-root\vendor\codeigniter4\framework\system\Model.php(1818): CodeIgniter\Database\BaseBuilder->get()
#5 D:\project-root\app\Models\Presensi_model.php(63): CodeIgniter\Model->__call('get', Array)
#6 D:\project-root\app\Controllers\Presensi.php(92): App\Models\Presensi_model->getMshPresensi()
#7 D:\project-root\vendor\codeigniter4\framework\system\CodeIgniter.php(918): App\Controllers\Presensi->test()
#8 D:\project-root\vendor\codeigniter4\framework\system\CodeIgniter.php(404): CodeIgniter\CodeIgniter->runController(Object(App\Controllers\Presensi))
#9 D:\project-root\vendor\codeigniter4\framework\system\CodeIgniter.php(312): CodeIgniter\CodeIgniter->handleRequest(NULL, Object(Config\Cache), false)
#10 D:\project-root\public\index.php(45): CodeIgniter\CodeIgniter->run()
#11 D:\project-root\vendor\codeigniter4\framework\system\Commands\Server\rewrite.php(34): require_once('D:\\project-root...')
#12 {main}
CRITICAL - 2020-08-28 23:39:17 --> Call to undefined method App\Controllers\Presensi::request()
#0 D:\project-root\vendor\codeigniter4\framework\system\CodeIgniter.php(918): App\Controllers\Presensi->test()
#1 D:\project-root\vendor\codeigniter4\framework\system\CodeIgniter.php(404): CodeIgniter\CodeIgniter->runController(Object(App\Controllers\Presensi))
#2 D:\project-root\vendor\codeigniter4\framework\system\CodeIgniter.php(312): CodeIgniter\CodeIgniter->handleRequest(NULL, Object(Config\Cache), false)
#3 D:\project-root\public\index.php(45): CodeIgniter\CodeIgniter->run()
#4 D:\project-root\vendor\codeigniter4\framework\system\Commands\Server\rewrite.php(34): require_once('D:\\project-root...')
#5 {main}
CRITICAL - 2020-08-28 23:43:03 --> syntax error, unexpected ''data'' (T_CONSTANT_ENCAPSED_STRING), expecting ']'
#0 D:\project-root\vendor\codeigniter4\framework\system\Router\Router.php(195): CodeIgniter\Router\Router->autoRoute('presensi/test')
#1 D:\project-root\vendor\codeigniter4\framework\system\CodeIgniter.php(793): CodeIgniter\Router\Router->handle('presensi/test')
#2 D:\project-root\vendor\codeigniter4\framework\system\CodeIgniter.php(364): CodeIgniter\CodeIgniter->tryToRouteIt(Object(CodeIgniter\Router\RouteCollection))
#3 D:\project-root\vendor\codeigniter4\framework\system\CodeIgniter.php(312): CodeIgniter\CodeIgniter->handleRequest(NULL, Object(Config\Cache), false)
#4 D:\project-root\public\index.php(45): CodeIgniter\CodeIgniter->run()
#5 D:\project-root\vendor\codeigniter4\framework\system\Commands\Server\rewrite.php(34): require_once('D:\\project-root...')
#6 {main}
